ISim log file
Running: D:\Mina\temp\Mostafa Ashraf\Moustafa Ashraf MIPS project\MIPSMoustafaAshraf\MipsSingleCycle_isim_beh.exe -intstyle ise -gui -tclbatch isim.cmd -wdb D:/Mina/temp/Mostafa Ashraf/Moustafa Ashraf MIPS project/MIPSMoustafaAshraf/MipsSingleCycle_isim_beh.wdb 
ISim P.20131013 (signature 0x7708f090)
This is a Full version of ISim.
Time resolution is 1 ps
# onerror resume
# wave add /
# run 1000 ns
Simulator is doing circuit initialization process.
at 0 ps, Instance /mipssinglecycle/IM/ : Warning: NUMERIC_STD.TO_INTEGER: metavalue detected, returning 0
at 0 ps, Instance /mipssinglecycle/IM/ : Warning: NUMERIC_STD.TO_INTEGER: metavalue detected, returning 0
at 0 ps, Instance /mipssinglecycle/IM/ : Warning: NUMERIC_STD.TO_INTEGER: metavalue detected, returning 0
at 0 ps, Instance /mipssinglecycle/IM/ : Warning: NUMERIC_STD.TO_INTEGER: metavalue detected, returning 0
at 0 ps, Instance /mipssinglecycle/RegFile/ : Warning: NUMERIC_STD.TO_INTEGER: metavalue detected, returning 0
at 0 ps, Instance /mipssinglecycle/RegFile/ : Warning: NUMERIC_STD.TO_INTEGER: metavalue detected, returning 0
at 0 ps, Instance /mipssinglecycle/pcadder/ : Warning: There is an 'U'|'X'|'W'|'Z'|'-' in an arithmetic operand, the result will be 'X'(es).
Finished circuit initialization process.
# isim force add /mipssinglecycle/clk 1 -radix bin -value 0 -radix bin -time 5 us -repeat 10 us -cancel 100 us
# isim force add /mipssinglecycle/clk 1 -radix bin -value 0 -radix bin -time 5 us -repeat 10 us -cancel 100 us
# run all
ERROR: Index 24 out of bound 0 to 23. 
ERROR: In process InstructionMemory.vhd:28 
 
INFO: Simulator is stopped.
