Release 14.7 - xst P.20131013 (nt64)
Copyright (c) 1995-2013 Xilinx, Inc.  All rights reserved.
--> Parameter TMPDIR set to xst/projnav.tmp


Total REAL time to Xst completion: 0.00 secs
Total CPU time to Xst completion: 0.18 secs
 
--> Parameter xsthdpdir set to xst


Total REAL time to Xst completion: 0.00 secs
Total CPU time to Xst completion: 0.18 secs
 
--> Reading design: MipsSingleCycle.prj

TABLE OF CONTENTS
  1) Synthesis Options Summary
  2) HDL Parsing
  3) HDL Elaboration
  4) HDL Synthesis
       4.1) HDL Synthesis Report
  5) Advanced HDL Synthesis
       5.1) Advanced HDL Synthesis Report
  6) Low Level Synthesis
  7) Partition Report
  8) Design Summary
       8.1) Primitive and Black Box Usage
       8.2) Device utilization summary
       8.3) Partition Resource Summary
       8.4) Timing Report
            8.4.1) Clock Information
            8.4.2) Asynchronous Control Signals Information
            8.4.3) Timing Summary
            8.4.4) Timing Details
            8.4.5) Cross Clock Domains Report


=========================================================================
*                      Synthesis Options Summary                        *
=========================================================================
---- Source Parameters
Input File Name                    : "MipsSingleCycle.prj"
Ignore Synthesis Constraint File   : NO

---- Target Parameters
Output File Name                   : "MipsSingleCycle"
Output Format                      : NGC
Target Device                      : xc7a100t-3-csg324

---- Source Options
Top Module Name                    : MipsSingleCycle
Automatic FSM Extraction           : YES
FSM Encoding Algorithm             : Auto
Safe Implementation                : No
FSM Style                          : LUT
RAM Extraction                     : Yes
RAM Style                          : Auto
ROM Extraction                     : Yes
Shift Register Extraction          : YES
ROM Style                          : Auto
Resource Sharing                   : YES
Asynchronous To Synchronous        : NO
Shift Register Minimum Size        : 2
Use DSP Block                      : Auto
Automatic Register Balancing       : No

---- Target Options
LUT Combining                      : Auto
Reduce Control Sets                : Auto
Add IO Buffers                     : YES
Global Maximum Fanout              : 100000
Add Generic Clock Buffer(BUFG)     : 32
Register Duplication               : YES
Optimize Instantiated Primitives   : NO
Use Clock Enable                   : Auto
Use Synchronous Set                : Auto
Use Synchronous Reset              : Auto
Pack IO Registers into IOBs        : Auto
Equivalent register Removal        : YES

---- General Options
Optimization Goal                  : Speed
Optimization Effort                : 1
Power Reduction                    : NO
Keep Hierarchy                     : No
Netlist Hierarchy                  : As_Optimized
RTL Output                         : Yes
Global Optimization                : AllClockNets
Read Cores                         : YES
Write Timing Constraints           : NO
Cross Clock Analysis               : NO
Hierarchy Separator                : /
Bus Delimiter                      : <>
Case Specifier                     : Maintain
Slice Utilization Ratio            : 100
BRAM Utilization Ratio             : 100
DSP48 Utilization Ratio            : 100
Auto BRAM Packing                  : NO
Slice Utilization Ratio Delta      : 5

=========================================================================


=========================================================================
*                          HDL Parsing                                  *
=========================================================================
Parsing VHDL file "D:\College\#6\Computer Architecture\MIPS\Moustafa Ashraf MIPS project\MIPSMoustafaAshraf\SignExtend.vhd" into library work
Parsing entity <SignExtend>.
Parsing architecture <Behavioral> of entity <signextend>.
Parsing VHDL file "D:\College\#6\Computer Architecture\MIPS\Moustafa Ashraf MIPS project\MIPSMoustafaAshraf\ShiftLeftby2.vhd" into library work
Parsing entity <ShiftLeftby2>.
Parsing architecture <Behavioral> of entity <shiftleftby2>.
Parsing VHDL file "D:\College\#6\Computer Architecture\MIPS\Moustafa Ashraf MIPS project\MIPSMoustafaAshraf\RegisterFile.vhd" into library work
Parsing entity <RegisterFile>.
Parsing architecture <Behavioral> of entity <registerfile>.
Parsing VHDL file "D:\College\#6\Computer Architecture\MIPS\Moustafa Ashraf MIPS project\MIPSMoustafaAshraf\PC_Adder.vhd" into library work
Parsing entity <PC_Adder>.
Parsing architecture <Behavioral> of entity <pc_adder>.
Parsing VHDL file "D:\College\#6\Computer Architecture\MIPS\Moustafa Ashraf MIPS project\MIPSMoustafaAshraf\PC.vhd" into library work
Parsing entity <PC>.
Parsing architecture <Behavioral> of entity <pc>.
Parsing VHDL file "D:\College\#6\Computer Architecture\MIPS\Moustafa Ashraf MIPS project\MIPSMoustafaAshraf\MUX5bit.vhd" into library work
Parsing entity <MUX5bit>.
Parsing architecture <Behavioral> of entity <mux5bit>.
Parsing VHDL file "D:\College\#6\Computer Architecture\MIPS\Moustafa Ashraf MIPS project\MIPSMoustafaAshraf\MUX21.vhd" into library work
Parsing entity <MUX21>.
Parsing architecture <Behavioral> of entity <mux21>.
Parsing VHDL file "D:\College\#6\Computer Architecture\MIPS\Moustafa Ashraf MIPS project\MIPSMoustafaAshraf\Memory.vhd" into library work
Parsing entity <Memory_Unit>.
Parsing architecture <Behavioral> of entity <memory_unit>.
Parsing VHDL file "D:\College\#6\Computer Architecture\MIPS\Moustafa Ashraf MIPS project\MIPSMoustafaAshraf\InstructionMemory.vhd" into library work
Parsing entity <InstructionMemory>.
Parsing architecture <Behavioral> of entity <instructionmemory>.
Parsing VHDL file "D:\College\#6\Computer Architecture\MIPS\Moustafa Ashraf MIPS project\MIPSMoustafaAshraf\Controle_Unit.vhd" into library work
Parsing entity <Controle_Unit>.
Parsing architecture <Behavioral> of entity <controle_unit>.
Parsing VHDL file "D:\College\#6\Computer Architecture\MIPS\Moustafa Ashraf MIPS project\MIPSMoustafaAshraf\ANDgate.vhd" into library work
Parsing entity <ANDgate>.
Parsing architecture <Behavioral> of entity <andgate>.
Parsing VHDL file "D:\College\#6\Computer Architecture\MIPS\Moustafa Ashraf MIPS project\MIPSMoustafaAshraf\ALUcontrole.vhd" into library work
Parsing entity <ALUcontrole>.
Parsing architecture <Behavioral> of entity <alucontrole>.
Parsing VHDL file "D:\College\#6\Computer Architecture\MIPS\Moustafa Ashraf MIPS project\MIPSMoustafaAshraf\ALU.vhd" into library work
Parsing entity <ALU>.
Parsing architecture <Behavioral> of entity <alu>.
Parsing VHDL file "D:\College\#6\Computer Architecture\MIPS\Moustafa Ashraf MIPS project\MIPSMoustafaAshraf\Adder.vhd" into library work
Parsing entity <Adder>.
Parsing architecture <Behavioral> of entity <adder>.
Parsing VHDL file "D:\College\#6\Computer Architecture\MIPS\Moustafa Ashraf MIPS project\MIPSMoustafaAshraf\MipsSingleCycle.vhd" into library work
Parsing entity <MipsSingleCycle>.
Parsing architecture <Behavioral> of entity <mipssinglecycle>.

=========================================================================
*                            HDL Elaboration                            *
=========================================================================

Elaborating entity <MipsSingleCycle> (architecture <Behavioral>) from library <work>.

Elaborating entity <PC> (architecture <Behavioral>) from library <work>.

Elaborating entity <InstructionMemory> (architecture <Behavioral>) from library <work>.

Elaborating entity <Controle_Unit> (architecture <Behavioral>) from library <work>.

Elaborating entity <MUX5bit> (architecture <Behavioral>) from library <work>.

Elaborating entity <RegisterFile> (architecture <Behavioral>) from library <work>.

Elaborating entity <SignExtend> (architecture <Behavioral>) from library <work>.

Elaborating entity <MUX21> (architecture <Behavioral>) from library <work>.

Elaborating entity <ALUcontrole> (architecture <Behavioral>) from library <work>.

Elaborating entity <ALU> (architecture <Behavioral>) from library <work>.

Elaborating entity <Memory_Unit> (architecture <Behavioral>) from library <work>.
WARNING:HDLCompiler:92 - "D:\College\#6\Computer Architecture\MIPS\Moustafa Ashraf MIPS project\MIPSMoustafaAshraf\Memory.vhd" Line 36: mm should be on the sensitivity list of the process
WARNING:HDLCompiler:92 - "D:\College\#6\Computer Architecture\MIPS\Moustafa Ashraf MIPS project\MIPSMoustafaAshraf\Memory.vhd" Line 37: mm should be on the sensitivity list of the process
WARNING:HDLCompiler:92 - "D:\College\#6\Computer Architecture\MIPS\Moustafa Ashraf MIPS project\MIPSMoustafaAshraf\Memory.vhd" Line 38: mm should be on the sensitivity list of the process
WARNING:HDLCompiler:92 - "D:\College\#6\Computer Architecture\MIPS\Moustafa Ashraf MIPS project\MIPSMoustafaAshraf\Memory.vhd" Line 39: mm should be on the sensitivity list of the process

Elaborating entity <PC_Adder> (architecture <Behavioral>) from library <work>.

Elaborating entity <ShiftLeftby2> (architecture <Behavioral>) from library <work>.

Elaborating entity <Adder> (architecture <Behavioral>) from library <work>.

Elaborating entity <ANDgate> (architecture <Behavioral>) from library <work>.
WARNING:Xst:2972 - "D:\College\#6\Computer Architecture\MIPS\Moustafa Ashraf MIPS project\MIPSMoustafaAshraf\MipsSingleCycle.vhd" line 263. All outputs of instance <pc1> of block <PC> are unconnected in block <MipsSingleCycle>. Underlying logic will be removed.
WARNING:Xst:2972 - "D:\College\#6\Computer Architecture\MIPS\Moustafa Ashraf MIPS project\MIPSMoustafaAshraf\MipsSingleCycle.vhd" line 268. All outputs of instance <IM> of block <InstructionMemory> are unconnected in block <MipsSingleCycle>. Underlying logic will be removed.
WARNING:Xst:2972 - "D:\College\#6\Computer Architecture\MIPS\Moustafa Ashraf MIPS project\MIPSMoustafaAshraf\MipsSingleCycle.vhd" line 279. All outputs of instance <CU> of block <Controle_Unit> are unconnected in block <MipsSingleCycle>. Underlying logic will be removed.
WARNING:Xst:2972 - "D:\College\#6\Computer Architecture\MIPS\Moustafa Ashraf MIPS project\MIPSMoustafaAshraf\MipsSingleCycle.vhd" line 284. All outputs of instance <MUXregdst> of block <MUX5bit> are unconnected in block <MipsSingleCycle>. Underlying logic will be removed.
WARNING:Xst:2972 - "D:\College\#6\Computer Architecture\MIPS\Moustafa Ashraf MIPS project\MIPSMoustafaAshraf\MipsSingleCycle.vhd" line 289. All outputs of instance <RegFile> of block <RegisterFile> are unconnected in block <MipsSingleCycle>. Underlying logic will be removed.
WARNING:Xst:2972 - "D:\College\#6\Computer Architecture\MIPS\Moustafa Ashraf MIPS project\MIPSMoustafaAshraf\MipsSingleCycle.vhd" line 293. All outputs of instance <SignEx> of block <SignExtend> are unconnected in block <MipsSingleCycle>. Underlying logic will be removed.
WARNING:Xst:2972 - "D:\College\#6\Computer Architecture\MIPS\Moustafa Ashraf MIPS project\MIPSMoustafaAshraf\MipsSingleCycle.vhd" line 298. All outputs of instance <MUXalusrc> of block <MUX21> are unconnected in block <MipsSingleCycle>. Underlying logic will be removed.
WARNING:Xst:2972 - "D:\College\#6\Computer Architecture\MIPS\Moustafa Ashraf MIPS project\MIPSMoustafaAshraf\MipsSingleCycle.vhd" line 302. All outputs of instance <ALUcontrl> of block <ALUcontrole> are unconnected in block <MipsSingleCycle>. Underlying logic will be removed.
WARNING:Xst:2972 - "D:\College\#6\Computer Architecture\MIPS\Moustafa Ashraf MIPS project\MIPSMoustafaAshraf\MipsSingleCycle.vhd" line 307. All outputs of instance <ALUmain> of block <ALU> are unconnected in block <MipsSingleCycle>. Underlying logic will be removed.
WARNING:Xst:2972 - "D:\College\#6\Computer Architecture\MIPS\Moustafa Ashraf MIPS project\MIPSMoustafaAshraf\MipsSingleCycle.vhd" line 312. All outputs of instance <Memory> of block <Memory_Unit> are unconnected in block <MipsSingleCycle>. Underlying logic will be removed.
WARNING:Xst:2972 - "D:\College\#6\Computer Architecture\MIPS\Moustafa Ashraf MIPS project\MIPSMoustafaAshraf\MipsSingleCycle.vhd" line 316. All outputs of instance <MUXmemtoreg> of block <MUX21> are unconnected in block <MipsSingleCycle>. Underlying logic will be removed.
WARNING:Xst:2972 - "D:\College\#6\Computer Architecture\MIPS\Moustafa Ashraf MIPS project\MIPSMoustafaAshraf\MipsSingleCycle.vhd" line 323. All outputs of instance <pcadder> of block <PC_Adder> are unconnected in block <MipsSingleCycle>. Underlying logic will be removed.
WARNING:Xst:2972 - "D:\College\#6\Computer Architecture\MIPS\Moustafa Ashraf MIPS project\MIPSMoustafaAshraf\MipsSingleCycle.vhd" line 332. All outputs of instance <slladder> of block <ShiftLeftby2> are unconnected in block <MipsSingleCycle>. Underlying logic will be removed.
WARNING:Xst:2972 - "D:\College\#6\Computer Architecture\MIPS\Moustafa Ashraf MIPS project\MIPSMoustafaAshraf\MipsSingleCycle.vhd" line 338. All outputs of instance <add> of block <Adder> are unconnected in block <MipsSingleCycle>. Underlying logic will be removed.
WARNING:Xst:2972 - "D:\College\#6\Computer Architecture\MIPS\Moustafa Ashraf MIPS project\MIPSMoustafaAshraf\MipsSingleCycle.vhd" line 341. All outputs of instance <ANnD> of block <ANDgate> are unconnected in block <MipsSingleCycle>. Underlying logic will be removed.
WARNING:Xst:2972 - "D:\College\#6\Computer Architecture\MIPS\Moustafa Ashraf MIPS project\MIPSMoustafaAshraf\MipsSingleCycle.vhd" line 345. All outputs of instance <MUXbranch> of block <MUX21> are unconnected in block <MipsSingleCycle>. Underlying logic will be removed.

=========================================================================
*                           HDL Synthesis                               *
=========================================================================

Synthesizing Unit <MipsSingleCycle>.
    Related source file is "D:\College\#6\Computer Architecture\MIPS\Moustafa Ashraf MIPS project\MIPSMoustafaAshraf\MipsSingleCycle.vhd".
    Summary:
	no macro.
Unit <MipsSingleCycle> synthesized.

=========================================================================
HDL Synthesis Report

Found no macro
=========================================================================

=========================================================================
*                       Advanced HDL Synthesis                          *
=========================================================================


=========================================================================
Advanced HDL Synthesis Report

Found no macro
=========================================================================

=========================================================================
*                         Low Level Synthesis                           *
=========================================================================

Optimizing unit <MipsSingleCycle> ...

Mapping all equations...
Building and optimizing final netlist ...
Found area constraint ratio of 100 (+ 5) on block MipsSingleCycle, actual ratio is 0.

Final Macro Processing ...

=========================================================================
Final Register Report

Found no macro
=========================================================================

=========================================================================
*                           Partition Report                            *
=========================================================================

Partition Implementation Status
-------------------------------

  No Partitions were found in this design.

-------------------------------

=========================================================================
*                            Design Summary                             *
=========================================================================

Top Level Output File Name         : MipsSingleCycle.ngc

Primitive and Black Box Usage:
------------------------------

Device utilization summary:
---------------------------

Selected Device : 7a100tcsg324-3 


Slice Logic Utilization: 

Slice Logic Distribution: 
 Number of LUT Flip Flop pairs used:      0
   Number with an unused Flip Flop:       0  out of      0         
   Number with an unused LUT:             0  out of      0         
   Number of fully used LUT-FF pairs:     0  out of      0         
   Number of unique control sets:         0

IO Utilization: 
 Number of IOs:                           1
 Number of bonded IOBs:                   0  out of    210     0%  

Specific Feature Utilization:

---------------------------
Partition Resource Summary:
---------------------------

  No Partitions were found in this design.

---------------------------


=========================================================================
Timing Report

NOTE: THESE TIMING NUMBERS ARE ONLY A SYNTHESIS ESTIMATE.
      FOR ACCURATE TIMING INFORMATION PLEASE REFER TO THE TRACE REPORT
      GENERATED AFTER PLACE-and-ROUTE.

Clock Information:
------------------
No clock signals found in this design

Asynchronous Control Signals Information:
----------------------------------------
No asynchronous control signals found in this design

Timing Summary:
---------------
Speed Grade: -3

   Minimum period: No path found
   Minimum input arrival time before clock: No path found
   Maximum output required time after clock: No path found
   Maximum combinational path delay: No path found

Timing Details:
---------------
All values displayed in nanoseconds (ns)

=========================================================================

Cross Clock Domains Report:
--------------------------

=========================================================================


Total REAL time to Xst completion: 10.00 secs
Total CPU time to Xst completion: 10.30 secs
 
--> 

Total memory usage is 4689568 kilobytes

Number of errors   :    0 (   0 filtered)
Number of warnings :   20 (   0 filtered)
Number of infos    :    0 (   0 filtered)

